<?xml version="1.0" encoding="UTF-8"?>
<!-- Generated by org.testng.reporters.JUnitReportReporter -->
<testsuite hostname="DESKTOP-SSMI81C" failures="0" tests="1" name="com.pack.Test.Classes.TC01_Page_1_Elements_validation" time="13.742" errors="0" timestamp="2022-05-07T23:38:42 IST" skipped="0">
  <testcase classname="com.pack.Test.Classes.TC01_Page_1_Elements_validation" name="New_User" time="13.742"/>
  <system-out/>
</testsuite> <!-- com.pack.Test.Classes.TC01_Page_1_Elements_validation -->
