<?xml version="1.0" encoding="UTF-8"?>
<!-- Generated by org.testng.reporters.JUnitReportReporter -->
<testsuite hostname="DESKTOP-SSMI81C" failures="0" tests="1" name="com.pack.Test.Classes.TC01_Page_1_Elements_validation" time="41.430" errors="0" timestamp="2022-05-09T09:39:30 IST" skipped="0">
  <testcase classname="com.pack.Test.Classes.TC01_Page_1_Elements_validation" name="New_User" time="41.430"/>
  <system-out/>
</testsuite> <!-- com.pack.Test.Classes.TC01_Page_1_Elements_validation -->
