<?xml version="1.0" encoding="UTF-8"?>
<!-- Generated by org.testng.reporters.JUnitReportReporter -->
<testsuite hostname="DESKTOP-SSMI81C" failures="0" tests="1" name="com.pack.Test.Classes.TC02_NaukriTask" time="40.675" errors="0" timestamp="2022-05-08T00:01:53 IST" skipped="0">
  <testcase classname="com.pack.Test.Classes.TC02_NaukriTask" name="naukriT" time="40.675"/>
  <system-out/>
</testsuite> <!-- com.pack.Test.Classes.TC02_NaukriTask -->
